<?xml version="1.0" encoding="UTF-8"?>
<!-- Generated by org.testng.reporters.JUnitReportReporter -->
<testsuite hostname="RJINDAL" name="com.seleniumtests.test.LoginTest" tests="1" failures="0" timestamp="27 Nov 2014 19:22:52 GMT" time="12.605" errors="0">
  <testcase name="AppLaunchTest" time="12.605" classname="com.seleniumtests.test.LoginTest"/>
</testsuite> <!-- com.seleniumtests.test.LoginTest -->
